[33mThe plugin "vite-tsconfig-paths" is detected. Vite now supports tsconfig paths resolution natively via the [1mresolve.tsconfigPaths[22m option. You can remove the plugin and set [1mresolve.tsconfigPaths: true[22m in your Vite config instead.[39m
Warning: Route file "C:/Users/Admin/Downloads/auto/src/routes/admin/components/CategoriesSection.tsx" does not export a Route. This file will not be included in the route tree.

If this file is not intended to be a route, you can exclude it using one of these options:
  1. Rename the file to "C:\Users\Admin\Downloads\auto\src\routes\admin\components\-CategoriesSection.tsx" (prefix with "-")
  2. Use 'routeFileIgnorePattern' in your config to match this file

Current configuration:
  routeFileIgnorePrefix: "-"
  routeFileIgnorePattern: undefined
Warning: Route file "C:/Users/Admin/Downloads/auto/src/routes/admin/components/CmsSection.tsx" does not export a Route. This file will not be included in the route tree.

If this file is not intended to be a route, you can exclude it using one of these options:
  1. Rename the file to "C:\Users\Admin\Downloads\auto\src\routes\admin\components\-CmsSection.tsx" (prefix with "-")
  2. Use 'routeFileIgnorePattern' in your config to match this file

Current configuration:
  routeFileIgnorePrefix: "-"
  routeFileIgnorePattern: undefined
Warning: Route file "C:/Users/Admin/Downloads/auto/src/routes/admin/components/DashboardSection.tsx" does not export a Route. This file will not be included in the route tree.

If this file is not intended to be a route, you can exclude it using one of these options:
  1. Rename the file to "C:\Users\Admin\Downloads\auto\src\routes\admin\components\-DashboardSection.tsx" (prefix with "-")
  2. Use 'routeFileIgnorePattern' in your config to match this file

Current configuration:
  routeFileIgnorePrefix: "-"
  routeFileIgnorePattern: undefined
Warning: Route file "C:/Users/Admin/Downloads/auto/src/routes/admin/components/BrandsSection.tsx" does not export a Route. This file will not be included in the route tree.

If this file is not intended to be a route, you can exclude it using one of these options:
  1. Rename the file to "C:\Users\Admin\Downloads\auto\src\routes\admin\components\-BrandsSection.tsx" (prefix with "-")
  2. Use 'routeFileIgnorePattern' in your config to match this file

Current configuration:
  routeFileIgnorePrefix: "-"
  routeFileIgnorePattern: undefined
Warning: Route file "C:/Users/Admin/Downloads/auto/src/routes/admin/components/ProductsSection.tsx" does not export a Route. This file will not be included in the route tree.

If this file is not intended to be a route, you can exclude it using one of these options:
  1. Rename the file to "C:\Users\Admin\Downloads\auto\src\routes\admin\components\-ProductsSection.tsx" (prefix with "-")
  2. Use 'routeFileIgnorePattern' in your config to match this file

Current configuration:
  routeFileIgnorePrefix: "-"
  routeFileIgnorePattern: undefined
Warning: Route file "C:/Users/Admin/Downloads/auto/src/routes/admin/components/CustomersSection.tsx" does not export a Route. This file will not be included in the route tree.

If this file is not intended to be a route, you can exclude it using one of these options:
  1. Rename the file to "C:\Users\Admin\Downloads\auto\src\routes\admin\components\-CustomersSection.tsx" (prefix with "-")
  2. Use 'routeFileIgnorePattern' in your config to match this file

Current configuration:
  routeFileIgnorePrefix: "-"
  routeFileIgnorePattern: undefined
Warning: Route file "C:/Users/Admin/Downloads/auto/src/routes/admin/components/EnquiriesSection.tsx" does not export a Route. This file will not be included in the route tree.

If this file is not intended to be a route, you can exclude it using one of these options:
  1. Rename the file to "C:\Users\Admin\Downloads\auto\src\routes\admin\components\-EnquiriesSection.tsx" (prefix with "-")
  2. Use 'routeFileIgnorePattern' in your config to match this file

Current configuration:
  routeFileIgnorePrefix: "-"
  routeFileIgnorePattern: undefined
Warning: Route file "C:/Users/Admin/Downloads/auto/src/routes/admin/components/OrdersSection.tsx" does not export a Route. This file will not be included in the route tree.

If this file is not intended to be a route, you can exclude it using one of these options:
  1. Rename the file to "C:\Users\Admin\Downloads\auto\src\routes\admin\components\-OrdersSection.tsx" (prefix with "-")
  2. Use 'routeFileIgnorePattern' in your config to match this file

Current configuration:
  routeFileIgnorePrefix: "-"
  routeFileIgnorePattern: undefined
Warning: Route file "C:/Users/Admin/Downloads/auto/src/routes/admin/components/MediaSection.tsx" does not export a Route. This file will not be included in the route tree.

If this file is not intended to be a route, you can exclude it using one of these options:
  1. Rename the file to "C:\Users\Admin\Downloads\auto\src\routes\admin\components\-MediaSection.tsx" (prefix with "-")
  2. Use 'routeFileIgnorePattern' in your config to match this file

Current configuration:
  routeFileIgnorePrefix: "-"
  routeFileIgnorePattern: undefined
Warning: Route file "C:/Users/Admin/Downloads/auto/src/routes/admin/components/SettingsSection.tsx" does not export a Route. This file will not be included in the route tree.

If this file is not intended to be a route, you can exclude it using one of these options:
  1. Rename the file to "C:\Users\Admin\Downloads\auto\src\routes\admin\components\-SettingsSection.tsx" (prefix with "-")
  2. Use 'routeFileIgnorePattern' in your config to match this file

Current configuration:
  routeFileIgnorePrefix: "-"
  routeFileIgnorePattern: undefined
  [32m➜[39m  [1mLocal[22m:   [36mhttp://localhost:[1m8081[22m/[39m
  [32m➜[39m  [1mNetwork[22m: [36mhttp://192.168.1.3:[1m8081[22m/[39m
[2m[32m  ➜[39m[22m[2m  press [22m[1mh + enter[22m[2m to show help[22m
Error [ERR_MODULE_NOT_FOUND]: Cannot find module 'C:\Users\Admin\Downloads\auto\dist\server\server.js' imported from C:\Users\Admin\Downloads\auto\node_modules\@tanstack\start-plugin-core\dist\esm\vite\preview-server-plugin\plugin.js
    at finalizeResolution (node:internal/modules/esm/resolve:271:11)
    at moduleResolve (node:internal/modules/esm/resolve:865:10)
    at defaultResolve (node:internal/modules/esm/resolve:992:11)
    at #cachedDefaultResolve (node:internal/modules/esm/loader:701:20)
    at #resolveAndMaybeBlockOnLoaderThread (node:internal/modules/esm/loader:721:38)
    at nextStep (node:internal/modules/customization_hooks:189:26)
    at De (file:///C:/Users/Admin/Downloads/auto/node_modules/@tailwindcss/node/dist/index.mjs:1:539)
    at nextStep (node:internal/modules/customization_hooks:189:26)
    at resolveWithHooks (node:internal/modules/customization_hooks:417:10)
    at ModuleLoader.resolveSync (node:internal/modules/esm/loader:747:16)
Error [ERR_MODULE_NOT_FOUND]: Cannot find module 'C:\Users\Admin\Downloads\auto\dist\server\server.js' imported from C:\Users\Admin\Downloads\auto\node_modules\@tanstack\start-plugin-core\dist\esm\vite\preview-server-plugin\plugin.js
    at finalizeResolution (node:internal/modules/esm/resolve:271:11)
    at moduleResolve (node:internal/modules/esm/resolve:865:10)
    at defaultResolve (node:internal/modules/esm/resolve:992:11)
    at #cachedDefaultResolve (node:internal/modules/esm/loader:701:20)
    at #resolveAndMaybeBlockOnLoaderThread (node:internal/modules/esm/loader:721:38)
    at nextStep (node:internal/modules/customization_hooks:189:26)
    at De (file:///C:/Users/Admin/Downloads/auto/node_modules/@tailwindcss/node/dist/index.mjs:1:539)
    at nextStep (node:internal/modules/customization_hooks:189:26)
    at resolveWithHooks (node:internal/modules/customization_hooks:417:10)
    at ModuleLoader.resolveSync (node:internal/modules/esm/loader:747:16)
