[33mThe plugin "vite-tsconfig-paths" is detected. Vite now supports tsconfig paths resolution natively via the [1mresolve.tsconfigPaths[22m option. You can remove the plugin and set [1mresolve.tsconfigPaths: true[22m in your Vite config instead.[39m
Warning: Route file "C:/Users/Admin/Downloads/auto/src/routes/admin/components/BrandsSection.tsx" does not export a Route. This file will not be included in the route tree.

If this file is not intended to be a route, you can exclude it using one of these options:
  1. Rename the file to "C:\Users\Admin\Downloads\auto\src\routes\admin\components\-BrandsSection.tsx" (prefix with "-")
  2. Use 'routeFileIgnorePattern' in your config to match this file

Current configuration:
  routeFileIgnorePrefix: "-"
  routeFileIgnorePattern: undefined
Warning: Route file "C:/Users/Admin/Downloads/auto/src/routes/admin/components/CategoriesSection.tsx" does not export a Route. This file will not be included in the route tree.

If this file is not intended to be a route, you can exclude it using one of these options:
  1. Rename the file to "C:\Users\Admin\Downloads\auto\src\routes\admin\components\-CategoriesSection.tsx" (prefix with "-")
  2. Use 'routeFileIgnorePattern' in your config to match this file

Current configuration:
  routeFileIgnorePrefix: "-"
  routeFileIgnorePattern: undefined
Warning: Route file "C:/Users/Admin/Downloads/auto/src/routes/admin/components/CmsSection.tsx" does not export a Route. This file will not be included in the route tree.

If this file is not intended to be a route, you can exclude it using one of these options:
  1. Rename the file to "C:\Users\Admin\Downloads\auto\src\routes\admin\components\-CmsSection.tsx" (prefix with "-")
  2. Use 'routeFileIgnorePattern' in your config to match this file

Current configuration:
  routeFileIgnorePrefix: "-"
  routeFileIgnorePattern: undefined
Warning: Route file "C:/Users/Admin/Downloads/auto/src/routes/admin/components/CustomersSection.tsx" does not export a Route. This file will not be included in the route tree.

If this file is not intended to be a route, you can exclude it using one of these options:
  1. Rename the file to "C:\Users\Admin\Downloads\auto\src\routes\admin\components\-CustomersSection.tsx" (prefix with "-")
  2. Use 'routeFileIgnorePattern' in your config to match this file

Current configuration:
  routeFileIgnorePrefix: "-"
  routeFileIgnorePattern: undefined
Warning: Route file "C:/Users/Admin/Downloads/auto/src/routes/admin/components/DashboardSection.tsx" does not export a Route. This file will not be included in the route tree.

If this file is not intended to be a route, you can exclude it using one of these options:
  1. Rename the file to "C:\Users\Admin\Downloads\auto\src\routes\admin\components\-DashboardSection.tsx" (prefix with "-")
  2. Use 'routeFileIgnorePattern' in your config to match this file

Current configuration:
  routeFileIgnorePrefix: "-"
  routeFileIgnorePattern: undefined
Warning: Route file "C:/Users/Admin/Downloads/auto/src/routes/admin/components/OrdersSection.tsx" does not export a Route. This file will not be included in the route tree.

If this file is not intended to be a route, you can exclude it using one of these options:
  1. Rename the file to "C:\Users\Admin\Downloads\auto\src\routes\admin\components\-OrdersSection.tsx" (prefix with "-")
  2. Use 'routeFileIgnorePattern' in your config to match this file

Current configuration:
  routeFileIgnorePrefix: "-"
  routeFileIgnorePattern: undefined
Warning: Route file "C:/Users/Admin/Downloads/auto/src/routes/admin/components/EnquiriesSection.tsx" does not export a Route. This file will not be included in the route tree.

If this file is not intended to be a route, you can exclude it using one of these options:
  1. Rename the file to "C:\Users\Admin\Downloads\auto\src\routes\admin\components\-EnquiriesSection.tsx" (prefix with "-")
  2. Use 'routeFileIgnorePattern' in your config to match this file

Current configuration:
  routeFileIgnorePrefix: "-"
  routeFileIgnorePattern: undefined
Warning: Route file "C:/Users/Admin/Downloads/auto/src/routes/admin/components/MediaSection.tsx" does not export a Route. This file will not be included in the route tree.

If this file is not intended to be a route, you can exclude it using one of these options:
  1. Rename the file to "C:\Users\Admin\Downloads\auto\src\routes\admin\components\-MediaSection.tsx" (prefix with "-")
  2. Use 'routeFileIgnorePattern' in your config to match this file

Current configuration:
  routeFileIgnorePrefix: "-"
  routeFileIgnorePattern: undefined
Warning: Route file "C:/Users/Admin/Downloads/auto/src/routes/admin/components/ProductImportSection.tsx" does not export a Route. This file will not be included in the route tree.

If this file is not intended to be a route, you can exclude it using one of these options:
  1. Rename the file to "C:\Users\Admin\Downloads\auto\src\routes\admin\components\-ProductImportSection.tsx" (prefix with "-")
  2. Use 'routeFileIgnorePattern' in your config to match this file

Current configuration:
  routeFileIgnorePrefix: "-"
  routeFileIgnorePattern: undefined
Warning: Route file "C:/Users/Admin/Downloads/auto/src/routes/admin/components/ProductsSection.tsx" does not export a Route. This file will not be included in the route tree.

If this file is not intended to be a route, you can exclude it using one of these options:
  1. Rename the file to "C:\Users\Admin\Downloads\auto\src\routes\admin\components\-ProductsSection.tsx" (prefix with "-")
  2. Use 'routeFileIgnorePattern' in your config to match this file

Current configuration:
  routeFileIgnorePrefix: "-"
  routeFileIgnorePattern: undefined
Warning: Route file "C:/Users/Admin/Downloads/auto/src/routes/admin/components/SettingsSection.tsx" does not export a Route. This file will not be included in the route tree.

If this file is not intended to be a route, you can exclude it using one of these options:
  1. Rename the file to "C:\Users\Admin\Downloads\auto\src\routes\admin\components\-SettingsSection.tsx" (prefix with "-")
  2. Use 'routeFileIgnorePattern' in your config to match this file

Current configuration:
  routeFileIgnorePrefix: "-"
  routeFileIgnorePattern: undefined
